<?xml version="1.0" encoding="UTF-8"?>
<testng-results ignored="0" total="1" passed="1" failed="0" skipped="0">
  <reporter-output>
  </reporter-output>
  <suite started-at="2024-01-21T21:32:23 PKT" name="Default suite" finished-at="2024-01-21T21:32:29 PKT" duration-ms="5735">
    <groups>
    </groups>
    <test started-at="2024-01-21T21:32:23 PKT" name="Default test" finished-at="2024-01-21T21:32:29 PKT" duration-ms="5735">
      <class name="tests.LoginTest">
        <test-method is-config="true" signature="setUpTest()[pri:0, instance:tests.LoginTest@776aec5c]" started-at="2024-01-21T21:32:23 PKT" name="setUpTest" finished-at="2024-01-21T21:32:25 PKT" duration-ms="1879" status="PASS">
          <reporter-output>
          </reporter-output>
        </test-method> <!-- setUpTest -->
        <test-method signature="loginTest()[pri:0, instance:tests.LoginTest@776aec5c]" started-at="2024-01-21T21:32:25 PKT" name="loginTest" finished-at="2024-01-21T21:32:29 PKT" duration-ms="3814" status="PASS">
          <reporter-output>
          </reporter-output>
        </test-method> <!-- loginTest -->
      </class> <!-- tests.LoginTest -->
    </test> <!-- Default test -->
  </suite> <!-- Default suite -->
</testng-results>
